{"/Users/dmitriikafanov/Desktop/Cоня метакласс/hexlet_projects/frontend-project-46/src/index.js": {"path":"/Users/dmitriikafanov/Desktop/Cоня метакласс/hexlet_projects/frontend-project-46/src/index.js","all":false,"statementMap":{"0":{"start":{"line":1,"column":0},"end":{"line":1,"column":34}},"1":{"start":{"line":2,"column":0},"end":{"line":2,"column":0}},"2":{"start":{"line":3,"column":0},"end":{"line":3,"column":0}},"3":{"start":{"line":4,"column":0},"end":{"line":4,"column":29}},"4":{"start":{"line":5,"column":0},"end":{"line":5,"column":38}},"5":{"start":{"line":6,"column":0},"end":{"line":6,"column":1}},"6":{"start":{"line":7,"column":0},"end":{"line":7,"column":0}},"7":{"start":{"line":8,"column":0},"end":{"line":8,"column":35}},"8":{"start":{"line":9,"column":0},"end":{"line":9,"column":34}},"9":{"start":{"line":10,"column":0},"end":{"line":10,"column":33}},"10":{"start":{"line":11,"column":0},"end":{"line":11,"column":20}},"11":{"start":{"line":12,"column":0},"end":{"line":12,"column":69}},"12":{"start":{"line":13,"column":0},"end":{"line":13,"column":0}},"13":{"start":{"line":14,"column":0},"end":{"line":14,"column":26}},"14":{"start":{"line":15,"column":0},"end":{"line":15,"column":37}},"15":{"start":{"line":16,"column":0},"end":{"line":16,"column":43}},"16":{"start":{"line":17,"column":0},"end":{"line":17,"column":9}},"17":{"start":{"line":18,"column":0},"end":{"line":18,"column":37}},"18":{"start":{"line":19,"column":0},"end":{"line":19,"column":75}},"19":{"start":{"line":20,"column":0},"end":{"line":20,"column":75}},"20":{"start":{"line":21,"column":0},"end":{"line":21,"column":9}},"21":{"start":{"line":22,"column":0},"end":{"line":22,"column":5}},"22":{"start":{"line":23,"column":0},"end":{"line":23,"column":0}},"23":{"start":{"line":24,"column":0},"end":{"line":24,"column":35}},"24":{"start":{"line":25,"column":0},"end":{"line":25,"column":1}},"25":{"start":{"line":26,"column":0},"end":{"line":26,"column":0}},"26":{"start":{"line":27,"column":0},"end":{"line":27,"column":23}}},"s":{"0":1,"1":1,"2":1,"3":1,"4":4,"5":4,"6":1,"7":1,"8":2,"9":2,"10":2,"11":2,"12":2,"13":2,"14":14,"15":4,"16":4,"17":14,"18":10,"19":10,"20":10,"21":14,"22":2,"23":2,"24":2,"25":1,"26":1},"branchMap":{"0":{"type":"branch","line":4,"loc":{"start":{"line":4,"column":19},"end":{"line":6,"column":1}},"locations":[{"start":{"line":4,"column":19},"end":{"line":6,"column":1}}]},"1":{"type":"branch","line":8,"loc":{"start":{"line":8,"column":16},"end":{"line":25,"column":1}},"locations":[{"start":{"line":8,"column":16},"end":{"line":25,"column":1}}]},"2":{"type":"branch","line":14,"loc":{"start":{"line":14,"column":25},"end":{"line":22,"column":5}},"locations":[{"start":{"line":14,"column":25},"end":{"line":22,"column":5}}]},"3":{"type":"branch","line":15,"loc":{"start":{"line":15,"column":36},"end":{"line":17,"column":9}},"locations":[{"start":{"line":15,"column":36},"end":{"line":17,"column":9}}]},"4":{"type":"branch","line":18,"loc":{"start":{"line":18,"column":36},"end":{"line":21,"column":9}},"locations":[{"start":{"line":18,"column":36},"end":{"line":21,"column":9}}]},"5":{"type":"branch","line":19,"loc":{"start":{"line":19,"column":44},"end":{"line":19,"column":75}},"locations":[{"start":{"line":19,"column":44},"end":{"line":19,"column":75}}]},"6":{"type":"branch","line":20,"loc":{"start":{"line":20,"column":44},"end":{"line":20,"column":75}},"locations":[{"start":{"line":20,"column":44},"end":{"line":20,"column":75}}]}},"b":{"0":[4],"1":[2],"2":[14],"3":[4],"4":[10],"5":[8],"6":[6]},"fnMap":{"0":{"name":"parseFile","decl":{"start":{"line":4,"column":19},"end":{"line":6,"column":1}},"loc":{"start":{"line":4,"column":19},"end":{"line":6,"column":1}},"line":4},"1":{"name":"genDiff","decl":{"start":{"line":8,"column":16},"end":{"line":25,"column":1}},"loc":{"start":{"line":8,"column":16},"end":{"line":25,"column":1}},"line":8}},"f":{"0":4,"1":2}}
,"/Users/dmitriikafanov/Desktop/Cоня метакласс/hexlet_projects/frontend-project-46/src/utils.js": {"path":"/Users/dmitriikafanov/Desktop/Cоня метакласс/hexlet_projects/frontend-project-46/src/utils.js","all":false,"statementMap":{"0":{"start":{"line":1,"column":0},"end":{"line":1,"column":30}},"1":{"start":{"line":2,"column":0},"end":{"line":2,"column":24}},"2":{"start":{"line":3,"column":0},"end":{"line":3,"column":20}},"3":{"start":{"line":4,"column":0},"end":{"line":4,"column":0}},"4":{"start":{"line":5,"column":0},"end":{"line":5,"column":40}},"5":{"start":{"line":6,"column":0},"end":{"line":6,"column":36}},"6":{"start":{"line":7,"column":0},"end":{"line":7,"column":63}},"7":{"start":{"line":8,"column":0},"end":{"line":8,"column":19}},"8":{"start":{"line":9,"column":0},"end":{"line":9,"column":1}},"9":{"start":{"line":10,"column":0},"end":{"line":10,"column":0}},"10":{"start":{"line":11,"column":0},"end":{"line":11,"column":28}},"11":{"start":{"line":12,"column":0},"end":{"line":12,"column":44}},"12":{"start":{"line":13,"column":0},"end":{"line":13,"column":43}},"13":{"start":{"line":14,"column":0},"end":{"line":14,"column":63}},"14":{"start":{"line":15,"column":0},"end":{"line":15,"column":52}},"15":{"start":{"line":16,"column":0},"end":{"line":16,"column":1}},"16":{"start":{"line":17,"column":0},"end":{"line":17,"column":0}},"17":{"start":{"line":18,"column":0},"end":{"line":18,"column":24}}},"s":{"0":1,"1":1,"2":1,"3":1,"4":1,"5":4,"6":4,"7":4,"8":4,"9":1,"10":1,"11":4,"12":4,"13":4,"14":4,"15":4,"16":1,"17":1},"branchMap":{"0":{"type":"branch","line":5,"loc":{"start":{"line":5,"column":16},"end":{"line":9,"column":1}},"locations":[{"start":{"line":5,"column":16},"end":{"line":9,"column":1}}]},"1":{"type":"branch","line":11,"loc":{"start":{"line":11,"column":18},"end":{"line":16,"column":1}},"locations":[{"start":{"line":11,"column":18},"end":{"line":16,"column":1}}]}},"b":{"0":[4],"1":[4]},"fnMap":{"0":{"name":"getPath","decl":{"start":{"line":5,"column":16},"end":{"line":9,"column":1}},"loc":{"start":{"line":5,"column":16},"end":{"line":9,"column":1}},"line":5},"1":{"name":"readFile","decl":{"start":{"line":11,"column":18},"end":{"line":16,"column":1}},"loc":{"start":{"line":11,"column":18},"end":{"line":16,"column":1}},"line":11}},"f":{"0":4,"1":4}}
}
