TN:
SF:src/index.js
FN:4,parseFile
FN:8,genDiff
FNF:2
FNH:2
FNDA:4,parseFile
FNDA:2,genDiff
DA:1,1
DA:2,1
DA:3,1
DA:4,1
DA:5,4
DA:6,4
DA:7,1
DA:8,1
DA:9,2
DA:10,2
DA:11,2
DA:12,2
DA:13,2
DA:14,2
DA:15,14
DA:16,4
DA:17,4
DA:18,14
DA:19,10
DA:20,10
DA:21,10
DA:22,14
DA:23,2
DA:24,2
DA:25,2
DA:26,1
DA:27,1
LF:27
LH:27
BRDA:4,0,0,4
BRDA:8,1,0,2
BRDA:14,2,0,14
BRDA:15,3,0,4
BRDA:18,4,0,10
BRDA:19,5,0,8
BRDA:20,6,0,6
BRF:7
BRH:7
end_of_record
TN:
SF:src/utils.js
FN:5,getPath
FN:11,readFile
FNF:2
FNH:2
FNDA:4,getPath
FNDA:4,readFile
DA:1,1
DA:2,1
DA:3,1
DA:4,1
DA:5,1
DA:6,4
DA:7,4
DA:8,4
DA:9,4
DA:10,1
DA:11,1
DA:12,4
DA:13,4
DA:14,4
DA:15,4
DA:16,4
DA:17,1
DA:18,1
LF:18
LH:18
BRDA:5,0,0,4
BRDA:11,1,0,4
BRF:2
BRH:2
end_of_record
